22:57:29 INFO  : Registering command handlers for SDK TCF services
22:57:29 INFO  : Launching XSCT server: xsct.bat -interactive C:\HDMI_RAYTRACER\Zybo-Z7-10-HDMI-2016.4-1\Zybo-Z7-10-HDMI\temp_xsdb_launch_script.tcl
22:57:31 INFO  : XSCT server has started successfully.
22:57:31 INFO  : Successfully done setting XSCT server connection channel  
22:57:32 INFO  : Successfully done setting SDK workspace  
22:57:32 INFO  : Processing command line option -hwspec C:/HDMI_RAYTRACER/Zybo-Z7-10-HDMI-2016.4-1/Zybo-Z7-10-HDMI/system_wrapper.hdf.
23:01:30 INFO  : Connected to target on host '127.0.0.1' and port '3121'.
23:01:32 INFO  : 'targets -set -filter {jtag_cable_name =~ "Digilent Zybo Z7 210351A6C7A0A" && level==0} -index 1' command is executed.
23:01:33 INFO  : FPGA configured successfully with bitstream "C:/HDMI_RAYTRACER/Zybo-Z7-10-HDMI-2016.4-1/Zybo-Z7-10-HDMI/system_wrapper_hw_platform_0/system_wrapper.bit"
23:02:20 INFO  : 'targets -set -filter {jtag_cable_name =~ "Digilent Zybo Z7 210351A6C7A0A" && level==0} -index 1' command is executed.
23:02:20 INFO  : 'fpga -state' command is executed.
23:02:20 INFO  : Connected to target on host '127.0.0.1' and port '3121'.
23:02:21 INFO  : Jtag cable 'Digilent Zybo Z7 210351A6C7A0A' is selected.
23:02:21 INFO  : 'jtag frequency' command is executed.
23:02:21 INFO  : Sourcing of 'C:/HDMI_RAYTRACER/Zybo-Z7-10-HDMI-2016.4-1/Zybo-Z7-10-HDMI/system_wrapper_hw_platform_0/ps7_init.tcl' is done.
23:02:21 INFO  : Context for 'APU' is selected.
23:02:21 INFO  : Hardware design information is loaded from 'C:/HDMI_RAYTRACER/Zybo-Z7-10-HDMI-2016.4-1/Zybo-Z7-10-HDMI/system_wrapper_hw_platform_0/system.hdf'.
23:02:21 INFO  : 'configparams force-mem-access 1' command is executed.
23:02:21 INFO  : Context for 'APU' is selected.
23:02:21 INFO  : 'stop' command is executed.
23:02:21 INFO  : 'ps7_init' command is executed.
23:02:21 INFO  : 'ps7_post_config' command is executed.
23:02:21 INFO  : Context for processor 'ps7_cortexa9_0' is selected.
23:02:21 INFO  : Processor reset is completed for 'ps7_cortexa9_0'.
23:02:21 INFO  : Context for processor 'ps7_cortexa9_0' is selected.
23:02:22 INFO  : The application 'C:/HDMI_RAYTRACER/Zybo-Z7-10-HDMI-2016.4-1/Zybo-Z7-10-HDMI/HDMI_Raytrace_NOIP/Debug/HDMI_Raytrace_NOIP.elf' is downloaded to processor 'ps7_cortexa9_0'.
23:02:22 INFO  : 'configparams force-mem-access 0' command is executed.
23:02:22 INFO  : ----------------XSDB Script----------------
connect -url tcp:127.0.0.1:3121
source C:/HDMI_RAYTRACER/Zybo-Z7-10-HDMI-2016.4-1/Zybo-Z7-10-HDMI/system_wrapper_hw_platform_0/ps7_init.tcl
targets -set -nocase -filter {name =~"APU*" && jtag_cable_name =~ "Digilent Zybo Z7 210351A6C7A0A"} -index 0
loadhw -hw C:/HDMI_RAYTRACER/Zybo-Z7-10-HDMI-2016.4-1/Zybo-Z7-10-HDMI/system_wrapper_hw_platform_0/system.hdf -mem-ranges [list {0x40000000 0xbfffffff}]
configparams force-mem-access 1
targets -set -nocase -filter {name =~"APU*" && jtag_cable_name =~ "Digilent Zybo Z7 210351A6C7A0A"} -index 0
stop
ps7_init
ps7_post_config
targets -set -nocase -filter {name =~ "ARM*#0" && jtag_cable_name =~ "Digilent Zybo Z7 210351A6C7A0A"} -index 0
rst -processor
targets -set -nocase -filter {name =~ "ARM*#0" && jtag_cable_name =~ "Digilent Zybo Z7 210351A6C7A0A"} -index 0
dow C:/HDMI_RAYTRACER/Zybo-Z7-10-HDMI-2016.4-1/Zybo-Z7-10-HDMI/HDMI_Raytrace_NOIP/Debug/HDMI_Raytrace_NOIP.elf
configparams force-mem-access 0
----------------End of Script----------------

23:02:22 INFO  : Memory regions updated for context APU
23:02:22 INFO  : Context for processor 'ps7_cortexa9_0' is selected.
23:02:22 INFO  : 'con' command is executed.
23:02:22 INFO  : ----------------XSDB Script (After Launch)----------------
targets -set -nocase -filter {name =~ "ARM*#0" && jtag_cable_name =~ "Digilent Zybo Z7 210351A6C7A0A"} -index 0
con
----------------End of Script----------------

23:02:22 INFO  : Launch script is exported to file 'C:\HDMI_RAYTRACER\Zybo-Z7-10-HDMI-2016.4-1\Zybo-Z7-10-HDMI\.sdk\launch_scripts\xilinx_c-c++_application_(system_debugger)\system_debugger_using_debug_hdmi_raytrace_noip.elf_on_local.tcl'
23:14:38 INFO  : Registering command handlers for SDK TCF services
23:14:39 INFO  : Launching XSCT server: xsct.bat -interactive C:\HDMI_RAYTRACER\Zybo-Z7-10-HDMI-2016.4-1\Zybo-Z7-10-HDMI\sdk_1\temp_xsdb_launch_script.tcl
23:14:41 INFO  : XSCT server has started successfully.
23:14:41 INFO  : Successfully done setting XSCT server connection channel  
23:14:41 INFO  : Processing command line option -hwspec C:/HDMI_RAYTRACER/Zybo-Z7-10-HDMI-2016.4-1/Zybo-Z7-10-HDMI/system_wrapper.hdf.
23:14:41 INFO  : Successfully done setting SDK workspace  
23:14:41 INFO  : Checking for hwspec changes in the project system_wrapper_hw_platform_0.
