16:21:39 INFO  : Registering command handlers for SDK TCF services
16:21:39 INFO  : Launching XSCT server: xsct.bat -interactive C:\Users\Jiahua\Documents\Vivaldo\project_1.sdk\temp_xsdb_launch_script.tcl
16:21:42 INFO  : XSCT server has started successfully.
16:21:43 INFO  : Processing command line option -hwspec C:/Users/Jiahua/Documents/Vivaldo/project_1.sdk/system_wrapper.hdf.
16:21:43 INFO  : Successfully done setting XSCT server connection channel  
16:21:43 INFO  : Successfully done setting SDK workspace  
16:26:47 INFO  : Connected to target on host '127.0.0.1' and port '3121'.
16:26:49 INFO  : 'targets -set -filter {jtag_cable_name =~ "Digilent Zybo Z7 210351A6C793A" && level==0} -index 1' command is executed.
16:26:50 INFO  : FPGA configured successfully with bitstream "C:/Users/Jiahua/Documents/Vivaldo/project_1.sdk/system_wrapper_hw_platform_0/system_wrapper.bit"
16:27:49 INFO  : 'targets -set -filter {jtag_cable_name =~ "Digilent Zybo Z7 210351A6C793A" && level==0} -index 1' command is executed.
16:27:49 INFO  : 'fpga -state' command is executed.
16:27:49 INFO  : Connected to target on host '127.0.0.1' and port '3121'.
16:27:49 INFO  : Jtag cable 'Digilent Zybo Z7 210351A6C793A' is selected.
16:27:49 INFO  : 'jtag frequency' command is executed.
16:27:49 INFO  : Sourcing of 'C:/Users/Jiahua/Documents/Vivaldo/project_1.sdk/system_wrapper_hw_platform_0/ps7_init.tcl' is done.
16:27:49 INFO  : Context for 'APU' is selected.
16:27:49 INFO  : Hardware design information is loaded from 'C:/Users/Jiahua/Documents/Vivaldo/project_1.sdk/system_wrapper_hw_platform_0/system.hdf'.
16:27:49 INFO  : 'configparams force-mem-access 1' command is executed.
16:27:50 INFO  : Context for 'APU' is selected.
16:27:50 INFO  : 'stop' command is executed.
16:27:50 INFO  : 'ps7_init' command is executed.
16:27:50 INFO  : 'ps7_post_config' command is executed.
16:27:50 INFO  : Context for processor 'ps7_cortexa9_0' is selected.
16:27:50 INFO  : Processor reset is completed for 'ps7_cortexa9_0'.
16:27:50 INFO  : Context for processor 'ps7_cortexa9_0' is selected.
16:27:51 INFO  : The application 'C:/Users/Jiahua/Documents/Vivaldo/project_1.sdk/raytracer/Debug/raytracer.elf' is downloaded to processor 'ps7_cortexa9_0'.
16:27:51 INFO  : 'configparams force-mem-access 0' command is executed.
16:27:51 INFO  : ----------------XSDB Script----------------
connect -url tcp:127.0.0.1:3121
source C:/Users/Jiahua/Documents/Vivaldo/project_1.sdk/system_wrapper_hw_platform_0/ps7_init.tcl
targets -set -nocase -filter {name =~"APU*" && jtag_cable_name =~ "Digilent Zybo Z7 210351A6C793A"} -index 0
loadhw -hw C:/Users/Jiahua/Documents/Vivaldo/project_1.sdk/system_wrapper_hw_platform_0/system.hdf -mem-ranges [list {0x40000000 0xbfffffff}]
configparams force-mem-access 1
targets -set -nocase -filter {name =~"APU*" && jtag_cable_name =~ "Digilent Zybo Z7 210351A6C793A"} -index 0
stop
ps7_init
ps7_post_config
targets -set -nocase -filter {name =~ "ARM*#0" && jtag_cable_name =~ "Digilent Zybo Z7 210351A6C793A"} -index 0
rst -processor
targets -set -nocase -filter {name =~ "ARM*#0" && jtag_cable_name =~ "Digilent Zybo Z7 210351A6C793A"} -index 0
dow C:/Users/Jiahua/Documents/Vivaldo/project_1.sdk/raytracer/Debug/raytracer.elf
configparams force-mem-access 0
----------------End of Script----------------

16:27:51 INFO  : Memory regions updated for context APU
16:27:51 INFO  : Context for processor 'ps7_cortexa9_0' is selected.
16:27:51 INFO  : 'con' command is executed.
16:27:51 INFO  : ----------------XSDB Script (After Launch)----------------
targets -set -nocase -filter {name =~ "ARM*#0" && jtag_cable_name =~ "Digilent Zybo Z7 210351A6C793A"} -index 0
con
----------------End of Script----------------

16:27:51 INFO  : Launch script is exported to file 'C:\Users\Jiahua\Documents\Vivaldo\project_1.sdk\.sdk\launch_scripts\xilinx_c-c++_application_(system_debugger)\system_debugger_using_debug_raytracer.elf_on_local.tcl'
16:28:25 INFO  : Disconnected from the channel tcfchan#1.
20:22:54 INFO  : Registering command handlers for SDK TCF services
20:22:55 INFO  : Launching XSCT server: xsct.bat -interactive C:\Users\Jiahua\Documents\Vivaldo\project_1.sdk\temp_xsdb_launch_script.tcl
20:23:01 INFO  : XSCT server has started successfully.
20:23:10 INFO  : Successfully done setting XSCT server connection channel  
20:23:10 INFO  : Successfully done setting SDK workspace  
20:23:10 INFO  : Processing command line option -hwspec C:/Users/Jiahua/Documents/Vivaldo/project_1.sdk/system_wrapper.hdf.
20:23:11 INFO  : Checking for hwspec changes in the project system_wrapper_hw_platform_0.
20:23:11 INFO  : SDK has detected change in the last modified timestamps for source hardware specification file Source:1524616407459,  Project:1524602340000
20:23:11 INFO  : The hardware specification for project 'system_wrapper_hw_platform_0' is different from C:/Users/Jiahua/Documents/Vivaldo/project_1.sdk/system_wrapper.hdf.
20:23:11 INFO  : Copied contents of C:/Users/Jiahua/Documents/Vivaldo/project_1.sdk/system_wrapper.hdf into \system_wrapper_hw_platform_0\system.hdf.
20:23:18 INFO  : Synchronizing projects in the workspace with the hardware platform specification changes.
20:23:25 INFO  : 
20:23:26 INFO  : Updating hardware inferred compiler options for raytracer.
20:23:26 INFO  : Clearing existing target manager status.
20:23:26 WARN  : Given IPC port value is invalid. Using default port 2350
20:23:26 WARN  : Given XMD timeout value is invalid. Using default value of 50000
20:23:29 WARN  : Given XMD transaction timeout value is invalid. Using default value of 60000 milli seconds
