19:00:29 INFO  : Registering command handlers for SDK TCF services
19:00:30 INFO  : Launching XSCT server: xsct.bat -interactive C:\Users\jerger\Desktop\project1\project1.sdk\temp_xsdb_launch_script.tcl
19:00:32 INFO  : XSCT server has started successfully.
19:00:32 INFO  : Successfully done setting XSCT server connection channel  
19:00:33 INFO  : Successfully done setting SDK workspace  
19:00:33 INFO  : Processing command line option -hwspec C:/Users/jerger/Desktop/project1/project1.sdk/design_1_wrapper.hdf.
19:03:06 INFO  : Connected to target on host '127.0.0.1' and port '3121'.
19:03:08 INFO  : 'targets -set -filter {jtag_cable_name =~ "Digilent Zybo Z7 210351A6C7A0A" && level==0} -index 1' command is executed.
19:03:09 INFO  : FPGA configured successfully with bitstream "C:/Users/jerger/Desktop/project1/project1.sdk/design_1_wrapper_hw_platform_0/design_1_wrapper.bit"
19:03:28 INFO  : 'targets -set -filter {jtag_cable_name =~ "Digilent Zybo Z7 210351A6C7A0A" && level==0} -index 1' command is executed.
19:03:28 INFO  : 'fpga -state' command is executed.
19:03:28 INFO  : Connected to target on host '127.0.0.1' and port '3121'.
19:03:29 INFO  : Jtag cable 'Digilent Zybo Z7 210351A6C7A0A' is selected.
19:03:29 INFO  : 'jtag frequency' command is executed.
19:03:29 INFO  : Sourcing of 'C:/Users/jerger/Desktop/project1/project1.sdk/design_1_wrapper_hw_platform_0/ps7_init.tcl' is done.
19:03:29 INFO  : Context for 'APU' is selected.
19:03:29 INFO  : Hardware design information is loaded from 'C:/Users/jerger/Desktop/project1/project1.sdk/design_1_wrapper_hw_platform_0/system.hdf'.
19:03:29 INFO  : 'configparams force-mem-access 1' command is executed.
19:03:29 INFO  : Context for 'APU' is selected.
19:03:29 INFO  : 'stop' command is executed.
19:03:29 INFO  : 'ps7_init' command is executed.
19:03:30 INFO  : 'ps7_post_config' command is executed.
19:03:30 INFO  : Context for processor 'ps7_cortexa9_0' is selected.
19:03:30 INFO  : Processor reset is completed for 'ps7_cortexa9_0'.
19:03:30 INFO  : Context for processor 'ps7_cortexa9_0' is selected.
19:03:30 INFO  : The application 'C:/Users/jerger/Desktop/project1/project1.sdk/RayTracer/Debug/RayTracer.elf' is downloaded to processor 'ps7_cortexa9_0'.
19:03:30 INFO  : 'configparams force-mem-access 0' command is executed.
19:03:30 INFO  : ----------------XSDB Script----------------
connect -url tcp:127.0.0.1:3121
source C:/Users/jerger/Desktop/project1/project1.sdk/design_1_wrapper_hw_platform_0/ps7_init.tcl
targets -set -nocase -filter {name =~"APU*" && jtag_cable_name =~ "Digilent Zybo Z7 210351A6C7A0A"} -index 0
loadhw -hw C:/Users/jerger/Desktop/project1/project1.sdk/design_1_wrapper_hw_platform_0/system.hdf -mem-ranges [list {0x40000000 0xbfffffff}]
configparams force-mem-access 1
targets -set -nocase -filter {name =~"APU*" && jtag_cable_name =~ "Digilent Zybo Z7 210351A6C7A0A"} -index 0
stop
ps7_init
ps7_post_config
targets -set -nocase -filter {name =~ "ARM*#0" && jtag_cable_name =~ "Digilent Zybo Z7 210351A6C7A0A"} -index 0
rst -processor
targets -set -nocase -filter {name =~ "ARM*#0" && jtag_cable_name =~ "Digilent Zybo Z7 210351A6C7A0A"} -index 0
dow C:/Users/jerger/Desktop/project1/project1.sdk/RayTracer/Debug/RayTracer.elf
configparams force-mem-access 0
----------------End of Script----------------

19:03:30 INFO  : Memory regions updated for context APU
19:03:30 INFO  : Context for processor 'ps7_cortexa9_0' is selected.
19:03:30 INFO  : 'con' command is executed.
19:03:30 INFO  : ----------------XSDB Script (After Launch)----------------
targets -set -nocase -filter {name =~ "ARM*#0" && jtag_cable_name =~ "Digilent Zybo Z7 210351A6C7A0A"} -index 0
con
----------------End of Script----------------

19:03:30 INFO  : Launch script is exported to file 'C:\Users\jerger\Desktop\project1\project1.sdk\.sdk\launch_scripts\xilinx_c-c++_application_(system_debugger)\system_debugger_using_debug_raytracer.elf_on_local.tcl'
19:03:47 INFO  : Disconnected from the channel tcfchan#1.
19:03:48 INFO  : 'targets -set -filter {jtag_cable_name =~ "Digilent Zybo Z7 210351A6C7A0A" && level==0} -index 1' command is executed.
19:03:48 INFO  : 'fpga -state' command is executed.
19:03:48 INFO  : Connected to target on host '127.0.0.1' and port '3121'.
19:03:49 INFO  : Jtag cable 'Digilent Zybo Z7 210351A6C7A0A' is selected.
19:03:49 INFO  : 'jtag frequency' command is executed.
19:03:49 INFO  : Sourcing of 'C:/Users/jerger/Desktop/project1/project1.sdk/design_1_wrapper_hw_platform_0/ps7_init.tcl' is done.
19:03:49 INFO  : Context for 'APU' is selected.
19:03:50 INFO  : Hardware design information is loaded from 'C:/Users/jerger/Desktop/project1/project1.sdk/design_1_wrapper_hw_platform_0/system.hdf'.
19:03:50 INFO  : 'configparams force-mem-access 1' command is executed.
19:03:50 INFO  : Context for 'APU' is selected.
19:03:50 INFO  : 'stop' command is executed.
19:03:51 INFO  : 'ps7_init' command is executed.
19:03:51 INFO  : 'ps7_post_config' command is executed.
19:03:51 INFO  : Context for processor 'ps7_cortexa9_0' is selected.
19:03:51 INFO  : Processor reset is completed for 'ps7_cortexa9_0'.
19:03:51 INFO  : Context for processor 'ps7_cortexa9_0' is selected.
19:03:51 INFO  : The application 'C:/Users/jerger/Desktop/project1/project1.sdk/RayTracer/Debug/RayTracer.elf' is downloaded to processor 'ps7_cortexa9_0'.
19:03:51 INFO  : 'configparams force-mem-access 0' command is executed.
19:03:51 INFO  : ----------------XSDB Script----------------
connect -url tcp:127.0.0.1:3121
source C:/Users/jerger/Desktop/project1/project1.sdk/design_1_wrapper_hw_platform_0/ps7_init.tcl
targets -set -nocase -filter {name =~"APU*" && jtag_cable_name =~ "Digilent Zybo Z7 210351A6C7A0A"} -index 0
loadhw -hw C:/Users/jerger/Desktop/project1/project1.sdk/design_1_wrapper_hw_platform_0/system.hdf -mem-ranges [list {0x40000000 0xbfffffff}]
configparams force-mem-access 1
targets -set -nocase -filter {name =~"APU*" && jtag_cable_name =~ "Digilent Zybo Z7 210351A6C7A0A"} -index 0
stop
ps7_init
ps7_post_config
targets -set -nocase -filter {name =~ "ARM*#0" && jtag_cable_name =~ "Digilent Zybo Z7 210351A6C7A0A"} -index 0
rst -processor
targets -set -nocase -filter {name =~ "ARM*#0" && jtag_cable_name =~ "Digilent Zybo Z7 210351A6C7A0A"} -index 0
dow C:/Users/jerger/Desktop/project1/project1.sdk/RayTracer/Debug/RayTracer.elf
configparams force-mem-access 0
----------------End of Script----------------

19:03:51 INFO  : Memory regions updated for context APU
19:03:51 INFO  : Context for processor 'ps7_cortexa9_0' is selected.
19:03:51 INFO  : 'con' command is executed.
19:03:51 INFO  : ----------------XSDB Script (After Launch)----------------
targets -set -nocase -filter {name =~ "ARM*#0" && jtag_cable_name =~ "Digilent Zybo Z7 210351A6C7A0A"} -index 0
con
----------------End of Script----------------

19:03:51 INFO  : Launch script is exported to file 'C:\Users\jerger\Desktop\project1\project1.sdk\.sdk\launch_scripts\xilinx_c-c++_application_(system_debugger)\system_debugger_using_debug_raytracer.elf_on_local.tcl'
19:04:09 INFO  : Disconnected from the channel tcfchan#2.
19:04:10 INFO  : 'targets -set -filter {jtag_cable_name =~ "Digilent Zybo Z7 210351A6C7A0A" && level==0} -index 1' command is executed.
19:04:10 INFO  : 'fpga -state' command is executed.
19:04:10 INFO  : Connected to target on host '127.0.0.1' and port '3121'.
19:04:11 INFO  : Jtag cable 'Digilent Zybo Z7 210351A6C7A0A' is selected.
19:04:11 INFO  : 'jtag frequency' command is executed.
19:04:11 INFO  : Sourcing of 'C:/Users/jerger/Desktop/project1/project1.sdk/design_1_wrapper_hw_platform_0/ps7_init.tcl' is done.
19:04:11 INFO  : Context for 'APU' is selected.
19:04:12 INFO  : Hardware design information is loaded from 'C:/Users/jerger/Desktop/project1/project1.sdk/design_1_wrapper_hw_platform_0/system.hdf'.
19:04:12 INFO  : 'configparams force-mem-access 1' command is executed.
19:04:12 INFO  : Context for 'APU' is selected.
19:04:12 INFO  : 'stop' command is executed.
19:04:13 INFO  : 'ps7_init' command is executed.
19:04:13 INFO  : 'ps7_post_config' command is executed.
19:04:13 INFO  : Context for processor 'ps7_cortexa9_0' is selected.
19:04:13 INFO  : Processor reset is completed for 'ps7_cortexa9_0'.
19:04:13 INFO  : Context for processor 'ps7_cortexa9_0' is selected.
19:04:13 INFO  : The application 'C:/Users/jerger/Desktop/project1/project1.sdk/RayTracer/Debug/RayTracer.elf' is downloaded to processor 'ps7_cortexa9_0'.
19:04:13 INFO  : 'configparams force-mem-access 0' command is executed.
19:04:13 INFO  : ----------------XSDB Script----------------
connect -url tcp:127.0.0.1:3121
source C:/Users/jerger/Desktop/project1/project1.sdk/design_1_wrapper_hw_platform_0/ps7_init.tcl
targets -set -nocase -filter {name =~"APU*" && jtag_cable_name =~ "Digilent Zybo Z7 210351A6C7A0A"} -index 0
loadhw -hw C:/Users/jerger/Desktop/project1/project1.sdk/design_1_wrapper_hw_platform_0/system.hdf -mem-ranges [list {0x40000000 0xbfffffff}]
configparams force-mem-access 1
targets -set -nocase -filter {name =~"APU*" && jtag_cable_name =~ "Digilent Zybo Z7 210351A6C7A0A"} -index 0
stop
ps7_init
ps7_post_config
targets -set -nocase -filter {name =~ "ARM*#0" && jtag_cable_name =~ "Digilent Zybo Z7 210351A6C7A0A"} -index 0
rst -processor
targets -set -nocase -filter {name =~ "ARM*#0" && jtag_cable_name =~ "Digilent Zybo Z7 210351A6C7A0A"} -index 0
dow C:/Users/jerger/Desktop/project1/project1.sdk/RayTracer/Debug/RayTracer.elf
configparams force-mem-access 0
----------------End of Script----------------

19:04:13 INFO  : Memory regions updated for context APU
19:04:13 INFO  : Context for processor 'ps7_cortexa9_0' is selected.
19:04:13 INFO  : 'con' command is executed.
19:04:13 INFO  : ----------------XSDB Script (After Launch)----------------
targets -set -nocase -filter {name =~ "ARM*#0" && jtag_cable_name =~ "Digilent Zybo Z7 210351A6C7A0A"} -index 0
con
----------------End of Script----------------

19:04:13 INFO  : Launch script is exported to file 'C:\Users\jerger\Desktop\project1\project1.sdk\.sdk\launch_scripts\xilinx_c-c++_application_(system_debugger)\system_debugger_using_debug_raytracer.elf_on_local.tcl'
19:04:35 INFO  : Disconnected from the channel tcfchan#3.
19:04:36 INFO  : 'targets -set -filter {jtag_cable_name =~ "Digilent Zybo Z7 210351A6C7A0A" && level==0} -index 1' command is executed.
19:04:36 INFO  : 'fpga -state' command is executed.
19:04:36 INFO  : Connected to target on host '127.0.0.1' and port '3121'.
19:04:36 INFO  : Jtag cable 'Digilent Zybo Z7 210351A6C7A0A' is selected.
19:04:36 INFO  : 'jtag frequency' command is executed.
19:04:36 INFO  : Sourcing of 'C:/Users/jerger/Desktop/project1/project1.sdk/design_1_wrapper_hw_platform_0/ps7_init.tcl' is done.
19:04:36 INFO  : Context for 'APU' is selected.
19:04:38 INFO  : Hardware design information is loaded from 'C:/Users/jerger/Desktop/project1/project1.sdk/design_1_wrapper_hw_platform_0/system.hdf'.
19:04:38 INFO  : 'configparams force-mem-access 1' command is executed.
19:04:38 INFO  : Context for 'APU' is selected.
19:04:38 INFO  : 'stop' command is executed.
19:04:39 INFO  : 'ps7_init' command is executed.
19:04:39 INFO  : 'ps7_post_config' command is executed.
19:04:39 INFO  : Context for processor 'ps7_cortexa9_0' is selected.
19:04:39 INFO  : Processor reset is completed for 'ps7_cortexa9_0'.
19:04:39 INFO  : Context for processor 'ps7_cortexa9_0' is selected.
19:04:39 INFO  : The application 'C:/Users/jerger/Desktop/project1/project1.sdk/RayTracer/Debug/RayTracer.elf' is downloaded to processor 'ps7_cortexa9_0'.
19:04:39 INFO  : 'configparams force-mem-access 0' command is executed.
19:04:39 INFO  : ----------------XSDB Script----------------
connect -url tcp:127.0.0.1:3121
source C:/Users/jerger/Desktop/project1/project1.sdk/design_1_wrapper_hw_platform_0/ps7_init.tcl
targets -set -nocase -filter {name =~"APU*" && jtag_cable_name =~ "Digilent Zybo Z7 210351A6C7A0A"} -index 0
loadhw -hw C:/Users/jerger/Desktop/project1/project1.sdk/design_1_wrapper_hw_platform_0/system.hdf -mem-ranges [list {0x40000000 0xbfffffff}]
configparams force-mem-access 1
targets -set -nocase -filter {name =~"APU*" && jtag_cable_name =~ "Digilent Zybo Z7 210351A6C7A0A"} -index 0
stop
ps7_init
ps7_post_config
targets -set -nocase -filter {name =~ "ARM*#0" && jtag_cable_name =~ "Digilent Zybo Z7 210351A6C7A0A"} -index 0
rst -processor
targets -set -nocase -filter {name =~ "ARM*#0" && jtag_cable_name =~ "Digilent Zybo Z7 210351A6C7A0A"} -index 0
dow C:/Users/jerger/Desktop/project1/project1.sdk/RayTracer/Debug/RayTracer.elf
configparams force-mem-access 0
----------------End of Script----------------

19:04:39 INFO  : Memory regions updated for context APU
19:04:39 INFO  : Context for processor 'ps7_cortexa9_0' is selected.
19:04:39 INFO  : 'con' command is executed.
19:04:39 INFO  : ----------------XSDB Script (After Launch)----------------
targets -set -nocase -filter {name =~ "ARM*#0" && jtag_cable_name =~ "Digilent Zybo Z7 210351A6C7A0A"} -index 0
con
----------------End of Script----------------

19:04:39 INFO  : Launch script is exported to file 'C:\Users\jerger\Desktop\project1\project1.sdk\.sdk\launch_scripts\xilinx_c-c++_application_(system_debugger)\system_debugger_using_debug_raytracer.elf_on_local.tcl'
19:44:00 INFO  : Disconnected from the channel tcfchan#4.
19:44:33 INFO  : Connected to target on host '127.0.0.1' and port '3121'.
19:44:33 INFO  : 'targets -set -filter {jtag_cable_name =~ "Digilent Zybo Z7 210351A6C7A0A" && level==0} -index 1' command is executed.
19:44:34 INFO  : FPGA configured successfully with bitstream "C:/Users/jerger/Desktop/project1/project1.sdk/design_1_wrapper_hw_platform_0/design_1_wrapper.bit"
19:44:54 INFO  : 'targets -set -filter {jtag_cable_name =~ "Digilent Zybo Z7 210351A6C7A0A" && level==0} -index 1' command is executed.
19:44:54 INFO  : 'fpga -state' command is executed.
19:44:54 INFO  : Connected to target on host '127.0.0.1' and port '3121'.
19:44:54 INFO  : Jtag cable 'Digilent Zybo Z7 210351A6C7A0A' is selected.
19:44:54 INFO  : 'jtag frequency' command is executed.
19:44:54 INFO  : Sourcing of 'C:/Users/jerger/Desktop/project1/project1.sdk/design_1_wrapper_hw_platform_0/ps7_init.tcl' is done.
19:44:54 INFO  : Context for 'APU' is selected.
19:44:54 INFO  : Hardware design information is loaded from 'C:/Users/jerger/Desktop/project1/project1.sdk/design_1_wrapper_hw_platform_0/system.hdf'.
19:44:54 INFO  : 'configparams force-mem-access 1' command is executed.
19:44:54 INFO  : Context for 'APU' is selected.
19:44:55 INFO  : 'stop' command is executed.
19:44:55 INFO  : 'ps7_init' command is executed.
19:44:55 INFO  : 'ps7_post_config' command is executed.
19:44:55 INFO  : Context for processor 'ps7_cortexa9_0' is selected.
19:44:55 INFO  : Processor reset is completed for 'ps7_cortexa9_0'.
19:44:55 INFO  : Context for processor 'ps7_cortexa9_0' is selected.
19:44:56 INFO  : The application 'C:/Users/jerger/Desktop/project1/project1.sdk/test/Debug/test.elf' is downloaded to processor 'ps7_cortexa9_0'.
19:44:56 INFO  : 'configparams force-mem-access 0' command is executed.
19:44:56 INFO  : ----------------XSDB Script----------------
connect -url tcp:127.0.0.1:3121
source C:/Users/jerger/Desktop/project1/project1.sdk/design_1_wrapper_hw_platform_0/ps7_init.tcl
targets -set -nocase -filter {name =~"APU*" && jtag_cable_name =~ "Digilent Zybo Z7 210351A6C7A0A"} -index 0
loadhw -hw C:/Users/jerger/Desktop/project1/project1.sdk/design_1_wrapper_hw_platform_0/system.hdf -mem-ranges [list {0x40000000 0xbfffffff}]
configparams force-mem-access 1
targets -set -nocase -filter {name =~"APU*" && jtag_cable_name =~ "Digilent Zybo Z7 210351A6C7A0A"} -index 0
stop
ps7_init
ps7_post_config
targets -set -nocase -filter {name =~ "ARM*#0" && jtag_cable_name =~ "Digilent Zybo Z7 210351A6C7A0A"} -index 0
rst -processor
targets -set -nocase -filter {name =~ "ARM*#0" && jtag_cable_name =~ "Digilent Zybo Z7 210351A6C7A0A"} -index 0
dow C:/Users/jerger/Desktop/project1/project1.sdk/test/Debug/test.elf
configparams force-mem-access 0
----------------End of Script----------------

19:44:56 INFO  : Memory regions updated for context APU
19:44:56 INFO  : Context for processor 'ps7_cortexa9_0' is selected.
19:44:56 INFO  : 'con' command is executed.
19:44:56 INFO  : ----------------XSDB Script (After Launch)----------------
targets -set -nocase -filter {name =~ "ARM*#0" && jtag_cable_name =~ "Digilent Zybo Z7 210351A6C7A0A"} -index 0
con
----------------End of Script----------------

19:44:56 INFO  : Launch script is exported to file 'C:\Users\jerger\Desktop\project1\project1.sdk\.sdk\launch_scripts\xilinx_c-c++_application_(system_debugger)\system_debugger_using_debug_test.elf_on_local.tcl'
19:45:36 INFO  : Disconnected from the channel tcfchan#5.
19:45:37 INFO  : 'targets -set -filter {jtag_cable_name =~ "Digilent Zybo Z7 210351A6C7A0A" && level==0} -index 1' command is executed.
19:45:37 INFO  : 'fpga -state' command is executed.
19:45:37 INFO  : Connected to target on host '127.0.0.1' and port '3121'.
19:45:37 INFO  : Jtag cable 'Digilent Zybo Z7 210351A6C7A0A' is selected.
19:45:37 INFO  : 'jtag frequency' command is executed.
19:45:37 INFO  : Sourcing of 'C:/Users/jerger/Desktop/project1/project1.sdk/design_1_wrapper_hw_platform_0/ps7_init.tcl' is done.
19:45:37 INFO  : Context for 'APU' is selected.
19:45:39 INFO  : Hardware design information is loaded from 'C:/Users/jerger/Desktop/project1/project1.sdk/design_1_wrapper_hw_platform_0/system.hdf'.
19:45:39 INFO  : 'configparams force-mem-access 1' command is executed.
19:45:39 INFO  : Context for 'APU' is selected.
19:45:39 INFO  : 'stop' command is executed.
19:45:40 INFO  : 'ps7_init' command is executed.
19:45:40 INFO  : 'ps7_post_config' command is executed.
19:45:40 INFO  : Context for processor 'ps7_cortexa9_0' is selected.
19:45:40 INFO  : Processor reset is completed for 'ps7_cortexa9_0'.
19:45:40 INFO  : Context for processor 'ps7_cortexa9_0' is selected.
19:45:40 INFO  : The application 'C:/Users/jerger/Desktop/project1/project1.sdk/test/Debug/test.elf' is downloaded to processor 'ps7_cortexa9_0'.
19:45:40 INFO  : 'configparams force-mem-access 0' command is executed.
19:45:40 INFO  : ----------------XSDB Script----------------
connect -url tcp:127.0.0.1:3121
source C:/Users/jerger/Desktop/project1/project1.sdk/design_1_wrapper_hw_platform_0/ps7_init.tcl
targets -set -nocase -filter {name =~"APU*" && jtag_cable_name =~ "Digilent Zybo Z7 210351A6C7A0A"} -index 0
loadhw -hw C:/Users/jerger/Desktop/project1/project1.sdk/design_1_wrapper_hw_platform_0/system.hdf -mem-ranges [list {0x40000000 0xbfffffff}]
configparams force-mem-access 1
targets -set -nocase -filter {name =~"APU*" && jtag_cable_name =~ "Digilent Zybo Z7 210351A6C7A0A"} -index 0
stop
ps7_init
ps7_post_config
targets -set -nocase -filter {name =~ "ARM*#0" && jtag_cable_name =~ "Digilent Zybo Z7 210351A6C7A0A"} -index 0
rst -processor
targets -set -nocase -filter {name =~ "ARM*#0" && jtag_cable_name =~ "Digilent Zybo Z7 210351A6C7A0A"} -index 0
dow C:/Users/jerger/Desktop/project1/project1.sdk/test/Debug/test.elf
configparams force-mem-access 0
----------------End of Script----------------

19:45:40 INFO  : Memory regions updated for context APU
19:45:40 INFO  : Context for processor 'ps7_cortexa9_0' is selected.
19:45:40 INFO  : 'con' command is executed.
19:45:40 INFO  : ----------------XSDB Script (After Launch)----------------
targets -set -nocase -filter {name =~ "ARM*#0" && jtag_cable_name =~ "Digilent Zybo Z7 210351A6C7A0A"} -index 0
con
----------------End of Script----------------

19:45:40 INFO  : Launch script is exported to file 'C:\Users\jerger\Desktop\project1\project1.sdk\.sdk\launch_scripts\xilinx_c-c++_application_(system_debugger)\system_debugger_using_debug_test.elf_on_local.tcl'
19:47:53 INFO  : Disconnected from the channel tcfchan#6.
19:47:54 INFO  : 'targets -set -filter {jtag_cable_name =~ "Digilent Zybo Z7 210351A6C7A0A" && level==0} -index 1' command is executed.
19:47:54 INFO  : 'fpga -state' command is executed.
19:47:54 INFO  : Connected to target on host '127.0.0.1' and port '3121'.
19:47:54 INFO  : Jtag cable 'Digilent Zybo Z7 210351A6C7A0A' is selected.
19:47:54 INFO  : 'jtag frequency' command is executed.
19:47:54 INFO  : Sourcing of 'C:/Users/jerger/Desktop/project1/project1.sdk/design_1_wrapper_hw_platform_0/ps7_init.tcl' is done.
19:47:54 INFO  : Context for 'APU' is selected.
19:47:56 INFO  : Hardware design information is loaded from 'C:/Users/jerger/Desktop/project1/project1.sdk/design_1_wrapper_hw_platform_0/system.hdf'.
19:47:56 INFO  : 'configparams force-mem-access 1' command is executed.
19:47:56 INFO  : Context for 'APU' is selected.
19:47:56 INFO  : 'stop' command is executed.
19:47:56 INFO  : 'ps7_init' command is executed.
19:47:56 INFO  : 'ps7_post_config' command is executed.
19:47:56 INFO  : Context for processor 'ps7_cortexa9_0' is selected.
19:47:56 INFO  : Processor reset is completed for 'ps7_cortexa9_0'.
19:47:56 INFO  : Context for processor 'ps7_cortexa9_0' is selected.
19:47:57 INFO  : The application 'C:/Users/jerger/Desktop/project1/project1.sdk/test/Debug/test.elf' is downloaded to processor 'ps7_cortexa9_0'.
19:47:57 INFO  : 'configparams force-mem-access 0' command is executed.
19:47:57 INFO  : ----------------XSDB Script----------------
connect -url tcp:127.0.0.1:3121
source C:/Users/jerger/Desktop/project1/project1.sdk/design_1_wrapper_hw_platform_0/ps7_init.tcl
targets -set -nocase -filter {name =~"APU*" && jtag_cable_name =~ "Digilent Zybo Z7 210351A6C7A0A"} -index 0
loadhw -hw C:/Users/jerger/Desktop/project1/project1.sdk/design_1_wrapper_hw_platform_0/system.hdf -mem-ranges [list {0x40000000 0xbfffffff}]
configparams force-mem-access 1
targets -set -nocase -filter {name =~"APU*" && jtag_cable_name =~ "Digilent Zybo Z7 210351A6C7A0A"} -index 0
stop
ps7_init
ps7_post_config
targets -set -nocase -filter {name =~ "ARM*#0" && jtag_cable_name =~ "Digilent Zybo Z7 210351A6C7A0A"} -index 0
rst -processor
targets -set -nocase -filter {name =~ "ARM*#0" && jtag_cable_name =~ "Digilent Zybo Z7 210351A6C7A0A"} -index 0
dow C:/Users/jerger/Desktop/project1/project1.sdk/test/Debug/test.elf
configparams force-mem-access 0
----------------End of Script----------------

19:47:57 INFO  : Memory regions updated for context APU
19:47:57 INFO  : Context for processor 'ps7_cortexa9_0' is selected.
19:47:57 INFO  : 'con' command is executed.
19:47:57 INFO  : ----------------XSDB Script (After Launch)----------------
targets -set -nocase -filter {name =~ "ARM*#0" && jtag_cable_name =~ "Digilent Zybo Z7 210351A6C7A0A"} -index 0
con
----------------End of Script----------------

19:47:57 INFO  : Launch script is exported to file 'C:\Users\jerger\Desktop\project1\project1.sdk\.sdk\launch_scripts\xilinx_c-c++_application_(system_debugger)\system_debugger_using_debug_test.elf_on_local.tcl'
19:49:09 INFO  : Disconnected from the channel tcfchan#7.
19:49:12 INFO  : 'targets -set -filter {jtag_cable_name =~ "Digilent Zybo Z7 210351A6C7A0A" && level==0} -index 1' command is executed.
19:49:12 INFO  : 'fpga -state' command is executed.
19:49:12 INFO  : Connected to target on host '127.0.0.1' and port '3121'.
19:49:12 INFO  : Jtag cable 'Digilent Zybo Z7 210351A6C7A0A' is selected.
19:49:12 INFO  : 'jtag frequency' command is executed.
19:49:12 INFO  : Sourcing of 'C:/Users/jerger/Desktop/project1/project1.sdk/design_1_wrapper_hw_platform_0/ps7_init.tcl' is done.
19:49:12 INFO  : Context for 'APU' is selected.
19:49:14 INFO  : Hardware design information is loaded from 'C:/Users/jerger/Desktop/project1/project1.sdk/design_1_wrapper_hw_platform_0/system.hdf'.
19:49:14 INFO  : 'configparams force-mem-access 1' command is executed.
19:49:14 INFO  : Context for 'APU' is selected.
19:49:14 INFO  : 'stop' command is executed.
19:49:15 INFO  : 'ps7_init' command is executed.
19:49:15 INFO  : 'ps7_post_config' command is executed.
19:49:15 INFO  : Context for processor 'ps7_cortexa9_0' is selected.
19:49:15 INFO  : Processor reset is completed for 'ps7_cortexa9_0'.
19:49:15 INFO  : Context for processor 'ps7_cortexa9_0' is selected.
19:49:16 INFO  : The application 'C:/Users/jerger/Desktop/project1/project1.sdk/test/Debug/test.elf' is downloaded to processor 'ps7_cortexa9_0'.
19:49:16 INFO  : 'configparams force-mem-access 0' command is executed.
19:49:16 INFO  : ----------------XSDB Script----------------
connect -url tcp:127.0.0.1:3121
source C:/Users/jerger/Desktop/project1/project1.sdk/design_1_wrapper_hw_platform_0/ps7_init.tcl
targets -set -nocase -filter {name =~"APU*" && jtag_cable_name =~ "Digilent Zybo Z7 210351A6C7A0A"} -index 0
loadhw -hw C:/Users/jerger/Desktop/project1/project1.sdk/design_1_wrapper_hw_platform_0/system.hdf -mem-ranges [list {0x40000000 0xbfffffff}]
configparams force-mem-access 1
targets -set -nocase -filter {name =~"APU*" && jtag_cable_name =~ "Digilent Zybo Z7 210351A6C7A0A"} -index 0
stop
ps7_init
ps7_post_config
targets -set -nocase -filter {name =~ "ARM*#0" && jtag_cable_name =~ "Digilent Zybo Z7 210351A6C7A0A"} -index 0
rst -processor
targets -set -nocase -filter {name =~ "ARM*#0" && jtag_cable_name =~ "Digilent Zybo Z7 210351A6C7A0A"} -index 0
dow C:/Users/jerger/Desktop/project1/project1.sdk/test/Debug/test.elf
configparams force-mem-access 0
----------------End of Script----------------

19:49:16 INFO  : Memory regions updated for context APU
19:49:16 INFO  : Context for processor 'ps7_cortexa9_0' is selected.
19:49:16 INFO  : 'con' command is executed.
19:49:16 INFO  : ----------------XSDB Script (After Launch)----------------
targets -set -nocase -filter {name =~ "ARM*#0" && jtag_cable_name =~ "Digilent Zybo Z7 210351A6C7A0A"} -index 0
con
----------------End of Script----------------

19:49:16 INFO  : Launch script is exported to file 'C:\Users\jerger\Desktop\project1\project1.sdk\.sdk\launch_scripts\xilinx_c-c++_application_(system_debugger)\system_debugger_using_debug_test.elf_on_local.tcl'
19:51:37 INFO  : Disconnected from the channel tcfchan#8.
19:51:38 INFO  : 'targets -set -filter {jtag_cable_name =~ "Digilent Zybo Z7 210351A6C7A0A" && level==0} -index 1' command is executed.
19:51:39 INFO  : 'fpga -state' command is executed.
19:51:39 INFO  : Connected to target on host '127.0.0.1' and port '3121'.
19:51:39 INFO  : Jtag cable 'Digilent Zybo Z7 210351A6C7A0A' is selected.
19:51:39 INFO  : 'jtag frequency' command is executed.
19:51:39 INFO  : Sourcing of 'C:/Users/jerger/Desktop/project1/project1.sdk/design_1_wrapper_hw_platform_0/ps7_init.tcl' is done.
19:51:39 INFO  : Context for 'APU' is selected.
19:51:41 INFO  : Hardware design information is loaded from 'C:/Users/jerger/Desktop/project1/project1.sdk/design_1_wrapper_hw_platform_0/system.hdf'.
19:51:41 INFO  : 'configparams force-mem-access 1' command is executed.
19:51:41 INFO  : Context for 'APU' is selected.
19:51:41 INFO  : 'stop' command is executed.
19:51:42 INFO  : 'ps7_init' command is executed.
19:51:42 INFO  : 'ps7_post_config' command is executed.
19:51:42 INFO  : Context for processor 'ps7_cortexa9_0' is selected.
19:51:42 INFO  : Processor reset is completed for 'ps7_cortexa9_0'.
19:51:42 INFO  : Context for processor 'ps7_cortexa9_0' is selected.
19:51:42 INFO  : The application 'C:/Users/jerger/Desktop/project1/project1.sdk/test/Debug/test.elf' is downloaded to processor 'ps7_cortexa9_0'.
19:51:43 INFO  : 'configparams force-mem-access 0' command is executed.
19:51:43 INFO  : ----------------XSDB Script----------------
connect -url tcp:127.0.0.1:3121
source C:/Users/jerger/Desktop/project1/project1.sdk/design_1_wrapper_hw_platform_0/ps7_init.tcl
targets -set -nocase -filter {name =~"APU*" && jtag_cable_name =~ "Digilent Zybo Z7 210351A6C7A0A"} -index 0
loadhw -hw C:/Users/jerger/Desktop/project1/project1.sdk/design_1_wrapper_hw_platform_0/system.hdf -mem-ranges [list {0x40000000 0xbfffffff}]
configparams force-mem-access 1
targets -set -nocase -filter {name =~"APU*" && jtag_cable_name =~ "Digilent Zybo Z7 210351A6C7A0A"} -index 0
stop
ps7_init
ps7_post_config
targets -set -nocase -filter {name =~ "ARM*#0" && jtag_cable_name =~ "Digilent Zybo Z7 210351A6C7A0A"} -index 0
rst -processor
targets -set -nocase -filter {name =~ "ARM*#0" && jtag_cable_name =~ "Digilent Zybo Z7 210351A6C7A0A"} -index 0
dow C:/Users/jerger/Desktop/project1/project1.sdk/test/Debug/test.elf
configparams force-mem-access 0
----------------End of Script----------------

19:51:43 INFO  : Memory regions updated for context APU
19:51:43 INFO  : Context for processor 'ps7_cortexa9_0' is selected.
19:51:43 INFO  : 'con' command is executed.
19:51:43 INFO  : ----------------XSDB Script (After Launch)----------------
targets -set -nocase -filter {name =~ "ARM*#0" && jtag_cable_name =~ "Digilent Zybo Z7 210351A6C7A0A"} -index 0
con
----------------End of Script----------------

19:51:43 INFO  : Launch script is exported to file 'C:\Users\jerger\Desktop\project1\project1.sdk\.sdk\launch_scripts\xilinx_c-c++_application_(system_debugger)\system_debugger_using_debug_test.elf_on_local.tcl'
19:52:19 INFO  : Disconnected from the channel tcfchan#9.
19:52:22 INFO  : 'targets -set -filter {jtag_cable_name =~ "Digilent Zybo Z7 210351A6C7A0A" && level==0} -index 1' command is executed.
19:52:23 INFO  : 'fpga -state' command is executed.
19:52:23 INFO  : Connected to target on host '127.0.0.1' and port '3121'.
19:52:23 INFO  : Jtag cable 'Digilent Zybo Z7 210351A6C7A0A' is selected.
19:52:23 INFO  : 'jtag frequency' command is executed.
19:52:23 INFO  : Sourcing of 'C:/Users/jerger/Desktop/project1/project1.sdk/design_1_wrapper_hw_platform_0/ps7_init.tcl' is done.
19:52:23 INFO  : Context for 'APU' is selected.
19:52:25 INFO  : Hardware design information is loaded from 'C:/Users/jerger/Desktop/project1/project1.sdk/design_1_wrapper_hw_platform_0/system.hdf'.
19:52:25 INFO  : 'configparams force-mem-access 1' command is executed.
19:52:25 INFO  : Context for 'APU' is selected.
19:52:25 INFO  : 'stop' command is executed.
19:52:25 INFO  : 'ps7_init' command is executed.
19:52:25 INFO  : 'ps7_post_config' command is executed.
19:52:25 INFO  : Context for processor 'ps7_cortexa9_0' is selected.
19:52:25 INFO  : Processor reset is completed for 'ps7_cortexa9_0'.
19:52:25 INFO  : Context for processor 'ps7_cortexa9_0' is selected.
19:52:26 INFO  : The application 'C:/Users/jerger/Desktop/project1/project1.sdk/test/Debug/test.elf' is downloaded to processor 'ps7_cortexa9_0'.
19:52:26 INFO  : 'configparams force-mem-access 0' command is executed.
19:52:26 INFO  : ----------------XSDB Script----------------
connect -url tcp:127.0.0.1:3121
source C:/Users/jerger/Desktop/project1/project1.sdk/design_1_wrapper_hw_platform_0/ps7_init.tcl
targets -set -nocase -filter {name =~"APU*" && jtag_cable_name =~ "Digilent Zybo Z7 210351A6C7A0A"} -index 0
loadhw -hw C:/Users/jerger/Desktop/project1/project1.sdk/design_1_wrapper_hw_platform_0/system.hdf -mem-ranges [list {0x40000000 0xbfffffff}]
configparams force-mem-access 1
targets -set -nocase -filter {name =~"APU*" && jtag_cable_name =~ "Digilent Zybo Z7 210351A6C7A0A"} -index 0
stop
ps7_init
ps7_post_config
targets -set -nocase -filter {name =~ "ARM*#0" && jtag_cable_name =~ "Digilent Zybo Z7 210351A6C7A0A"} -index 0
rst -processor
targets -set -nocase -filter {name =~ "ARM*#0" && jtag_cable_name =~ "Digilent Zybo Z7 210351A6C7A0A"} -index 0
dow C:/Users/jerger/Desktop/project1/project1.sdk/test/Debug/test.elf
configparams force-mem-access 0
----------------End of Script----------------

19:52:26 INFO  : Memory regions updated for context APU
19:52:26 INFO  : Context for processor 'ps7_cortexa9_0' is selected.
19:52:26 INFO  : 'con' command is executed.
19:52:26 INFO  : ----------------XSDB Script (After Launch)----------------
targets -set -nocase -filter {name =~ "ARM*#0" && jtag_cable_name =~ "Digilent Zybo Z7 210351A6C7A0A"} -index 0
con
----------------End of Script----------------

19:52:26 INFO  : Launch script is exported to file 'C:\Users\jerger\Desktop\project1\project1.sdk\.sdk\launch_scripts\xilinx_c-c++_application_(system_debugger)\system_debugger_using_debug_test.elf_on_local.tcl'
19:55:30 INFO  : Disconnected from the channel tcfchan#10.
19:59:05 INFO  : 'targets -set -filter {jtag_cable_name =~ "Digilent Zybo Z7 210351A6C7A0A" && level==0} -index 1' command is executed.
19:59:05 INFO  : 'fpga -state' command is executed.
19:59:05 INFO  : Connected to target on host '127.0.0.1' and port '3121'.
19:59:06 INFO  : Jtag cable 'Digilent Zybo Z7 210351A6C7A0A' is selected.
19:59:06 INFO  : 'jtag frequency' command is executed.
19:59:06 INFO  : Sourcing of 'C:/Users/jerger/Desktop/project1/project1.sdk/design_1_wrapper_hw_platform_0/ps7_init.tcl' is done.
19:59:06 INFO  : Context for 'APU' is selected.
19:59:06 INFO  : Hardware design information is loaded from 'C:/Users/jerger/Desktop/project1/project1.sdk/design_1_wrapper_hw_platform_0/system.hdf'.
19:59:06 INFO  : 'configparams force-mem-access 1' command is executed.
19:59:06 INFO  : Context for 'APU' is selected.
19:59:06 INFO  : 'stop' command is executed.
19:59:06 INFO  : 'ps7_init' command is executed.
19:59:06 INFO  : 'ps7_post_config' command is executed.
19:59:06 INFO  : Context for processor 'ps7_cortexa9_0' is selected.
19:59:06 INFO  : Processor reset is completed for 'ps7_cortexa9_0'.
19:59:06 INFO  : Context for processor 'ps7_cortexa9_0' is selected.
19:59:07 INFO  : The application 'C:/Users/jerger/Desktop/project1/project1.sdk/test/Debug/test.elf' is downloaded to processor 'ps7_cortexa9_0'.
19:59:07 INFO  : 'configparams force-mem-access 0' command is executed.
19:59:07 INFO  : ----------------XSDB Script----------------
connect -url tcp:127.0.0.1:3121
source C:/Users/jerger/Desktop/project1/project1.sdk/design_1_wrapper_hw_platform_0/ps7_init.tcl
targets -set -nocase -filter {name =~"APU*" && jtag_cable_name =~ "Digilent Zybo Z7 210351A6C7A0A"} -index 0
loadhw -hw C:/Users/jerger/Desktop/project1/project1.sdk/design_1_wrapper_hw_platform_0/system.hdf -mem-ranges [list {0x40000000 0xbfffffff}]
configparams force-mem-access 1
targets -set -nocase -filter {name =~"APU*" && jtag_cable_name =~ "Digilent Zybo Z7 210351A6C7A0A"} -index 0
stop
ps7_init
ps7_post_config
targets -set -nocase -filter {name =~ "ARM*#0" && jtag_cable_name =~ "Digilent Zybo Z7 210351A6C7A0A"} -index 0
rst -processor
targets -set -nocase -filter {name =~ "ARM*#0" && jtag_cable_name =~ "Digilent Zybo Z7 210351A6C7A0A"} -index 0
dow C:/Users/jerger/Desktop/project1/project1.sdk/test/Debug/test.elf
configparams force-mem-access 0
----------------End of Script----------------

19:59:07 INFO  : Memory regions updated for context APU
19:59:07 INFO  : Context for processor 'ps7_cortexa9_0' is selected.
19:59:07 INFO  : 'con' command is executed.
19:59:07 INFO  : ----------------XSDB Script (After Launch)----------------
targets -set -nocase -filter {name =~ "ARM*#0" && jtag_cable_name =~ "Digilent Zybo Z7 210351A6C7A0A"} -index 0
con
----------------End of Script----------------

19:59:07 INFO  : Launch script is exported to file 'C:\Users\jerger\Desktop\project1\project1.sdk\.sdk\launch_scripts\xilinx_c-c++_application_(system_debugger)\system_debugger_using_debug_test.elf_on_local.tcl'
19:59:15 INFO  : Disconnected from the channel tcfchan#11.
19:59:18 INFO  : 'targets -set -filter {jtag_cable_name =~ "Digilent Zybo Z7 210351A6C7A0A" && level==0} -index 1' command is executed.
19:59:18 INFO  : 'fpga -state' command is executed.
19:59:18 INFO  : Connected to target on host '127.0.0.1' and port '3121'.
19:59:18 INFO  : Jtag cable 'Digilent Zybo Z7 210351A6C7A0A' is selected.
19:59:18 INFO  : 'jtag frequency' command is executed.
19:59:18 INFO  : Sourcing of 'C:/Users/jerger/Desktop/project1/project1.sdk/design_1_wrapper_hw_platform_0/ps7_init.tcl' is done.
19:59:18 INFO  : Context for 'APU' is selected.
19:59:20 INFO  : Hardware design information is loaded from 'C:/Users/jerger/Desktop/project1/project1.sdk/design_1_wrapper_hw_platform_0/system.hdf'.
19:59:20 INFO  : 'configparams force-mem-access 1' command is executed.
19:59:20 INFO  : Context for 'APU' is selected.
19:59:20 INFO  : 'stop' command is executed.
19:59:21 INFO  : 'ps7_init' command is executed.
19:59:21 INFO  : 'ps7_post_config' command is executed.
19:59:21 INFO  : Context for processor 'ps7_cortexa9_0' is selected.
19:59:21 INFO  : Processor reset is completed for 'ps7_cortexa9_0'.
19:59:21 INFO  : Context for processor 'ps7_cortexa9_0' is selected.
19:59:22 INFO  : The application 'C:/Users/jerger/Desktop/project1/project1.sdk/test/Debug/test.elf' is downloaded to processor 'ps7_cortexa9_0'.
19:59:22 INFO  : 'configparams force-mem-access 0' command is executed.
19:59:22 INFO  : ----------------XSDB Script----------------
connect -url tcp:127.0.0.1:3121
source C:/Users/jerger/Desktop/project1/project1.sdk/design_1_wrapper_hw_platform_0/ps7_init.tcl
targets -set -nocase -filter {name =~"APU*" && jtag_cable_name =~ "Digilent Zybo Z7 210351A6C7A0A"} -index 0
loadhw -hw C:/Users/jerger/Desktop/project1/project1.sdk/design_1_wrapper_hw_platform_0/system.hdf -mem-ranges [list {0x40000000 0xbfffffff}]
configparams force-mem-access 1
targets -set -nocase -filter {name =~"APU*" && jtag_cable_name =~ "Digilent Zybo Z7 210351A6C7A0A"} -index 0
stop
ps7_init
ps7_post_config
targets -set -nocase -filter {name =~ "ARM*#0" && jtag_cable_name =~ "Digilent Zybo Z7 210351A6C7A0A"} -index 0
rst -processor
targets -set -nocase -filter {name =~ "ARM*#0" && jtag_cable_name =~ "Digilent Zybo Z7 210351A6C7A0A"} -index 0
dow C:/Users/jerger/Desktop/project1/project1.sdk/test/Debug/test.elf
configparams force-mem-access 0
----------------End of Script----------------

19:59:22 INFO  : Memory regions updated for context APU
19:59:22 INFO  : Context for processor 'ps7_cortexa9_0' is selected.
19:59:22 INFO  : 'con' command is executed.
19:59:22 INFO  : ----------------XSDB Script (After Launch)----------------
targets -set -nocase -filter {name =~ "ARM*#0" && jtag_cable_name =~ "Digilent Zybo Z7 210351A6C7A0A"} -index 0
con
----------------End of Script----------------

19:59:22 INFO  : Launch script is exported to file 'C:\Users\jerger\Desktop\project1\project1.sdk\.sdk\launch_scripts\xilinx_c-c++_application_(system_debugger)\system_debugger_using_debug_test.elf_on_local.tcl'
19:59:47 INFO  : Disconnected from the channel tcfchan#12.
19:59:49 INFO  : 'targets -set -filter {jtag_cable_name =~ "Digilent Zybo Z7 210351A6C7A0A" && level==0} -index 1' command is executed.
19:59:49 INFO  : 'fpga -state' command is executed.
19:59:49 INFO  : Connected to target on host '127.0.0.1' and port '3121'.
19:59:49 INFO  : Jtag cable 'Digilent Zybo Z7 210351A6C7A0A' is selected.
19:59:49 INFO  : 'jtag frequency' command is executed.
19:59:49 INFO  : Sourcing of 'C:/Users/jerger/Desktop/project1/project1.sdk/design_1_wrapper_hw_platform_0/ps7_init.tcl' is done.
19:59:49 INFO  : Context for 'APU' is selected.
19:59:51 INFO  : Hardware design information is loaded from 'C:/Users/jerger/Desktop/project1/project1.sdk/design_1_wrapper_hw_platform_0/system.hdf'.
19:59:51 INFO  : 'configparams force-mem-access 1' command is executed.
19:59:51 INFO  : Context for 'APU' is selected.
19:59:51 INFO  : 'stop' command is executed.
19:59:51 INFO  : 'ps7_init' command is executed.
19:59:51 INFO  : 'ps7_post_config' command is executed.
19:59:52 INFO  : Context for processor 'ps7_cortexa9_0' is selected.
19:59:52 INFO  : Processor reset is completed for 'ps7_cortexa9_0'.
19:59:52 INFO  : Context for processor 'ps7_cortexa9_0' is selected.
19:59:52 INFO  : The application 'C:/Users/jerger/Desktop/project1/project1.sdk/test/Debug/test.elf' is downloaded to processor 'ps7_cortexa9_0'.
19:59:52 INFO  : 'configparams force-mem-access 0' command is executed.
19:59:52 INFO  : ----------------XSDB Script----------------
connect -url tcp:127.0.0.1:3121
source C:/Users/jerger/Desktop/project1/project1.sdk/design_1_wrapper_hw_platform_0/ps7_init.tcl
targets -set -nocase -filter {name =~"APU*" && jtag_cable_name =~ "Digilent Zybo Z7 210351A6C7A0A"} -index 0
loadhw -hw C:/Users/jerger/Desktop/project1/project1.sdk/design_1_wrapper_hw_platform_0/system.hdf -mem-ranges [list {0x40000000 0xbfffffff}]
configparams force-mem-access 1
targets -set -nocase -filter {name =~"APU*" && jtag_cable_name =~ "Digilent Zybo Z7 210351A6C7A0A"} -index 0
stop
ps7_init
ps7_post_config
targets -set -nocase -filter {name =~ "ARM*#0" && jtag_cable_name =~ "Digilent Zybo Z7 210351A6C7A0A"} -index 0
rst -processor
targets -set -nocase -filter {name =~ "ARM*#0" && jtag_cable_name =~ "Digilent Zybo Z7 210351A6C7A0A"} -index 0
dow C:/Users/jerger/Desktop/project1/project1.sdk/test/Debug/test.elf
configparams force-mem-access 0
----------------End of Script----------------

19:59:52 INFO  : Memory regions updated for context APU
19:59:52 INFO  : Context for processor 'ps7_cortexa9_0' is selected.
19:59:52 INFO  : 'con' command is executed.
19:59:52 INFO  : ----------------XSDB Script (After Launch)----------------
targets -set -nocase -filter {name =~ "ARM*#0" && jtag_cable_name =~ "Digilent Zybo Z7 210351A6C7A0A"} -index 0
con
----------------End of Script----------------

19:59:52 INFO  : Launch script is exported to file 'C:\Users\jerger\Desktop\project1\project1.sdk\.sdk\launch_scripts\xilinx_c-c++_application_(system_debugger)\system_debugger_using_debug_test.elf_on_local.tcl'
20:03:51 INFO  : Disconnected from the channel tcfchan#13.
20:06:18 INFO  : 'targets -set -filter {jtag_cable_name =~ "Digilent Zybo Z7 210351A6C7A0A" && level==0} -index 1' command is executed.
20:06:18 INFO  : 'fpga -state' command is executed.
20:06:18 INFO  : Connected to target on host '127.0.0.1' and port '3121'.
20:06:18 INFO  : Jtag cable 'Digilent Zybo Z7 210351A6C7A0A' is selected.
20:06:18 INFO  : 'jtag frequency' command is executed.
20:06:18 INFO  : Sourcing of 'C:/Users/jerger/Desktop/project1/project1.sdk/design_1_wrapper_hw_platform_0/ps7_init.tcl' is done.
20:06:18 INFO  : Context for 'APU' is selected.
20:06:20 INFO  : Hardware design information is loaded from 'C:/Users/jerger/Desktop/project1/project1.sdk/design_1_wrapper_hw_platform_0/system.hdf'.
20:06:20 INFO  : 'configparams force-mem-access 1' command is executed.
20:06:20 INFO  : Context for 'APU' is selected.
20:06:20 INFO  : 'stop' command is executed.
20:06:20 INFO  : 'ps7_init' command is executed.
20:06:20 INFO  : 'ps7_post_config' command is executed.
20:06:20 INFO  : Context for processor 'ps7_cortexa9_0' is selected.
20:06:20 INFO  : Processor reset is completed for 'ps7_cortexa9_0'.
20:06:20 INFO  : Context for processor 'ps7_cortexa9_0' is selected.
20:06:21 INFO  : The application 'C:/Users/jerger/Desktop/project1/project1.sdk/test/Debug/test.elf' is downloaded to processor 'ps7_cortexa9_0'.
20:06:21 INFO  : 'configparams force-mem-access 0' command is executed.
20:06:21 INFO  : ----------------XSDB Script----------------
connect -url tcp:127.0.0.1:3121
source C:/Users/jerger/Desktop/project1/project1.sdk/design_1_wrapper_hw_platform_0/ps7_init.tcl
targets -set -nocase -filter {name =~"APU*" && jtag_cable_name =~ "Digilent Zybo Z7 210351A6C7A0A"} -index 0
loadhw -hw C:/Users/jerger/Desktop/project1/project1.sdk/design_1_wrapper_hw_platform_0/system.hdf -mem-ranges [list {0x40000000 0xbfffffff}]
configparams force-mem-access 1
targets -set -nocase -filter {name =~"APU*" && jtag_cable_name =~ "Digilent Zybo Z7 210351A6C7A0A"} -index 0
stop
ps7_init
ps7_post_config
targets -set -nocase -filter {name =~ "ARM*#0" && jtag_cable_name =~ "Digilent Zybo Z7 210351A6C7A0A"} -index 0
rst -processor
targets -set -nocase -filter {name =~ "ARM*#0" && jtag_cable_name =~ "Digilent Zybo Z7 210351A6C7A0A"} -index 0
dow C:/Users/jerger/Desktop/project1/project1.sdk/test/Debug/test.elf
configparams force-mem-access 0
----------------End of Script----------------

20:06:21 INFO  : Memory regions updated for context APU
20:06:21 INFO  : Context for processor 'ps7_cortexa9_0' is selected.
20:06:21 INFO  : 'con' command is executed.
20:06:21 INFO  : ----------------XSDB Script (After Launch)----------------
targets -set -nocase -filter {name =~ "ARM*#0" && jtag_cable_name =~ "Digilent Zybo Z7 210351A6C7A0A"} -index 0
con
----------------End of Script----------------

20:06:21 INFO  : Launch script is exported to file 'C:\Users\jerger\Desktop\project1\project1.sdk\.sdk\launch_scripts\xilinx_c-c++_application_(system_debugger)\system_debugger_using_debug_test.elf_on_local.tcl'
20:08:33 INFO  : Disconnected from the channel tcfchan#14.
20:08:34 INFO  : 'targets -set -filter {jtag_cable_name =~ "Digilent Zybo Z7 210351A6C7A0A" && level==0} -index 1' command is executed.
20:08:34 INFO  : 'fpga -state' command is executed.
20:08:34 INFO  : Connected to target on host '127.0.0.1' and port '3121'.
20:08:35 INFO  : Jtag cable 'Digilent Zybo Z7 210351A6C7A0A' is selected.
20:08:35 INFO  : 'jtag frequency' command is executed.
20:08:35 INFO  : Sourcing of 'C:/Users/jerger/Desktop/project1/project1.sdk/design_1_wrapper_hw_platform_0/ps7_init.tcl' is done.
20:08:35 INFO  : Context for 'APU' is selected.
20:08:37 INFO  : Hardware design information is loaded from 'C:/Users/jerger/Desktop/project1/project1.sdk/design_1_wrapper_hw_platform_0/system.hdf'.
20:08:37 INFO  : 'configparams force-mem-access 1' command is executed.
20:08:37 INFO  : Context for 'APU' is selected.
20:08:37 INFO  : 'stop' command is executed.
20:08:37 INFO  : 'ps7_init' command is executed.
20:08:37 INFO  : 'ps7_post_config' command is executed.
20:08:37 INFO  : Context for processor 'ps7_cortexa9_0' is selected.
20:08:38 INFO  : Processor reset is completed for 'ps7_cortexa9_0'.
20:08:38 INFO  : Context for processor 'ps7_cortexa9_0' is selected.
20:08:38 INFO  : The application 'C:/Users/jerger/Desktop/project1/project1.sdk/test/Debug/test.elf' is downloaded to processor 'ps7_cortexa9_0'.
20:08:38 INFO  : 'configparams force-mem-access 0' command is executed.
20:08:38 INFO  : ----------------XSDB Script----------------
connect -url tcp:127.0.0.1:3121
source C:/Users/jerger/Desktop/project1/project1.sdk/design_1_wrapper_hw_platform_0/ps7_init.tcl
targets -set -nocase -filter {name =~"APU*" && jtag_cable_name =~ "Digilent Zybo Z7 210351A6C7A0A"} -index 0
loadhw -hw C:/Users/jerger/Desktop/project1/project1.sdk/design_1_wrapper_hw_platform_0/system.hdf -mem-ranges [list {0x40000000 0xbfffffff}]
configparams force-mem-access 1
targets -set -nocase -filter {name =~"APU*" && jtag_cable_name =~ "Digilent Zybo Z7 210351A6C7A0A"} -index 0
stop
ps7_init
ps7_post_config
targets -set -nocase -filter {name =~ "ARM*#0" && jtag_cable_name =~ "Digilent Zybo Z7 210351A6C7A0A"} -index 0
rst -processor
targets -set -nocase -filter {name =~ "ARM*#0" && jtag_cable_name =~ "Digilent Zybo Z7 210351A6C7A0A"} -index 0
dow C:/Users/jerger/Desktop/project1/project1.sdk/test/Debug/test.elf
configparams force-mem-access 0
----------------End of Script----------------

20:08:38 INFO  : Memory regions updated for context APU
20:08:38 INFO  : Context for processor 'ps7_cortexa9_0' is selected.
20:08:38 INFO  : 'con' command is executed.
20:08:38 INFO  : ----------------XSDB Script (After Launch)----------------
targets -set -nocase -filter {name =~ "ARM*#0" && jtag_cable_name =~ "Digilent Zybo Z7 210351A6C7A0A"} -index 0
con
----------------End of Script----------------

20:08:38 INFO  : Launch script is exported to file 'C:\Users\jerger\Desktop\project1\project1.sdk\.sdk\launch_scripts\xilinx_c-c++_application_(system_debugger)\system_debugger_using_debug_test.elf_on_local.tcl'
20:12:28 INFO  : Disconnected from the channel tcfchan#15.
20:12:33 INFO  : 'targets -set -filter {jtag_cable_name =~ "Digilent Zybo Z7 210351A6C7A0A" && level==0} -index 1' command is executed.
20:12:33 INFO  : 'fpga -state' command is executed.
20:12:33 INFO  : Connected to target on host '127.0.0.1' and port '3121'.
20:12:33 INFO  : Jtag cable 'Digilent Zybo Z7 210351A6C7A0A' is selected.
20:12:33 INFO  : 'jtag frequency' command is executed.
20:12:33 INFO  : Sourcing of 'C:/Users/jerger/Desktop/project1/project1.sdk/design_1_wrapper_hw_platform_0/ps7_init.tcl' is done.
20:12:33 INFO  : Context for 'APU' is selected.
20:12:35 INFO  : Hardware design information is loaded from 'C:/Users/jerger/Desktop/project1/project1.sdk/design_1_wrapper_hw_platform_0/system.hdf'.
20:12:35 INFO  : 'configparams force-mem-access 1' command is executed.
20:12:35 INFO  : Context for 'APU' is selected.
20:12:35 INFO  : 'stop' command is executed.
20:12:36 INFO  : 'ps7_init' command is executed.
20:12:36 INFO  : 'ps7_post_config' command is executed.
20:12:36 INFO  : Context for processor 'ps7_cortexa9_0' is selected.
20:12:36 INFO  : Processor reset is completed for 'ps7_cortexa9_0'.
20:12:36 INFO  : Context for processor 'ps7_cortexa9_0' is selected.
20:12:37 INFO  : The application 'C:/Users/jerger/Desktop/project1/project1.sdk/test/Debug/test.elf' is downloaded to processor 'ps7_cortexa9_0'.
20:12:37 INFO  : 'configparams force-mem-access 0' command is executed.
20:12:37 INFO  : ----------------XSDB Script----------------
connect -url tcp:127.0.0.1:3121
source C:/Users/jerger/Desktop/project1/project1.sdk/design_1_wrapper_hw_platform_0/ps7_init.tcl
targets -set -nocase -filter {name =~"APU*" && jtag_cable_name =~ "Digilent Zybo Z7 210351A6C7A0A"} -index 0
loadhw -hw C:/Users/jerger/Desktop/project1/project1.sdk/design_1_wrapper_hw_platform_0/system.hdf -mem-ranges [list {0x40000000 0xbfffffff}]
configparams force-mem-access 1
targets -set -nocase -filter {name =~"APU*" && jtag_cable_name =~ "Digilent Zybo Z7 210351A6C7A0A"} -index 0
stop
ps7_init
ps7_post_config
targets -set -nocase -filter {name =~ "ARM*#0" && jtag_cable_name =~ "Digilent Zybo Z7 210351A6C7A0A"} -index 0
rst -processor
targets -set -nocase -filter {name =~ "ARM*#0" && jtag_cable_name =~ "Digilent Zybo Z7 210351A6C7A0A"} -index 0
dow C:/Users/jerger/Desktop/project1/project1.sdk/test/Debug/test.elf
configparams force-mem-access 0
----------------End of Script----------------

20:12:37 INFO  : Memory regions updated for context APU
20:12:37 INFO  : Context for processor 'ps7_cortexa9_0' is selected.
20:12:37 INFO  : 'con' command is executed.
20:12:37 INFO  : ----------------XSDB Script (After Launch)----------------
targets -set -nocase -filter {name =~ "ARM*#0" && jtag_cable_name =~ "Digilent Zybo Z7 210351A6C7A0A"} -index 0
con
----------------End of Script----------------

20:12:37 INFO  : Launch script is exported to file 'C:\Users\jerger\Desktop\project1\project1.sdk\.sdk\launch_scripts\xilinx_c-c++_application_(system_debugger)\system_debugger_using_debug_test.elf_on_local.tcl'
20:15:05 INFO  : Disconnected from the channel tcfchan#16.
20:15:39 INFO  : 'targets -set -filter {jtag_cable_name =~ "Digilent Zybo Z7 210351A6C7A0A" && level==0} -index 1' command is executed.
20:15:39 INFO  : 'fpga -state' command is executed.
20:15:39 INFO  : Connected to target on host '127.0.0.1' and port '3121'.
20:15:39 INFO  : Jtag cable 'Digilent Zybo Z7 210351A6C7A0A' is selected.
20:15:40 INFO  : 'jtag frequency' command is executed.
20:15:40 INFO  : Sourcing of 'C:/Users/jerger/Desktop/project1/project1.sdk/design_1_wrapper_hw_platform_0/ps7_init.tcl' is done.
20:15:40 INFO  : Context for 'APU' is selected.
20:15:42 INFO  : Hardware design information is loaded from 'C:/Users/jerger/Desktop/project1/project1.sdk/design_1_wrapper_hw_platform_0/system.hdf'.
20:15:42 INFO  : 'configparams force-mem-access 1' command is executed.
20:15:42 INFO  : Context for 'APU' is selected.
20:15:42 INFO  : 'stop' command is executed.
20:15:42 INFO  : 'ps7_init' command is executed.
20:15:42 INFO  : 'ps7_post_config' command is executed.
20:15:42 INFO  : Context for processor 'ps7_cortexa9_0' is selected.
20:15:42 INFO  : Processor reset is completed for 'ps7_cortexa9_0'.
20:15:42 INFO  : Context for processor 'ps7_cortexa9_0' is selected.
20:15:43 INFO  : The application 'C:/Users/jerger/Desktop/project1/project1.sdk/test/Debug/test.elf' is downloaded to processor 'ps7_cortexa9_0'.
20:15:43 INFO  : 'configparams force-mem-access 0' command is executed.
20:15:43 INFO  : ----------------XSDB Script----------------
connect -url tcp:127.0.0.1:3121
source C:/Users/jerger/Desktop/project1/project1.sdk/design_1_wrapper_hw_platform_0/ps7_init.tcl
targets -set -nocase -filter {name =~"APU*" && jtag_cable_name =~ "Digilent Zybo Z7 210351A6C7A0A"} -index 0
loadhw -hw C:/Users/jerger/Desktop/project1/project1.sdk/design_1_wrapper_hw_platform_0/system.hdf -mem-ranges [list {0x40000000 0xbfffffff}]
configparams force-mem-access 1
targets -set -nocase -filter {name =~"APU*" && jtag_cable_name =~ "Digilent Zybo Z7 210351A6C7A0A"} -index 0
stop
ps7_init
ps7_post_config
targets -set -nocase -filter {name =~ "ARM*#0" && jtag_cable_name =~ "Digilent Zybo Z7 210351A6C7A0A"} -index 0
rst -processor
targets -set -nocase -filter {name =~ "ARM*#0" && jtag_cable_name =~ "Digilent Zybo Z7 210351A6C7A0A"} -index 0
dow C:/Users/jerger/Desktop/project1/project1.sdk/test/Debug/test.elf
configparams force-mem-access 0
----------------End of Script----------------

20:15:43 INFO  : Memory regions updated for context APU
20:15:43 INFO  : Context for processor 'ps7_cortexa9_0' is selected.
20:15:43 INFO  : 'con' command is executed.
20:15:43 INFO  : ----------------XSDB Script (After Launch)----------------
targets -set -nocase -filter {name =~ "ARM*#0" && jtag_cable_name =~ "Digilent Zybo Z7 210351A6C7A0A"} -index 0
con
----------------End of Script----------------

20:15:43 INFO  : Launch script is exported to file 'C:\Users\jerger\Desktop\project1\project1.sdk\.sdk\launch_scripts\xilinx_c-c++_application_(system_debugger)\system_debugger_using_debug_test.elf_on_local.tcl'
20:16:03 INFO  : Disconnected from the channel tcfchan#17.
20:20:05 INFO  : 'targets -set -filter {jtag_cable_name =~ "Digilent Zybo Z7 210351A6C7A0A" && level==0} -index 1' command is executed.
20:20:05 INFO  : 'fpga -state' command is executed.
20:20:05 INFO  : Connected to target on host '127.0.0.1' and port '3121'.
20:20:06 INFO  : Jtag cable 'Digilent Zybo Z7 210351A6C7A0A' is selected.
20:20:06 INFO  : 'jtag frequency' command is executed.
20:20:06 INFO  : Sourcing of 'C:/Users/jerger/Desktop/project1/project1.sdk/design_1_wrapper_hw_platform_0/ps7_init.tcl' is done.
20:20:06 INFO  : Context for 'APU' is selected.
20:20:07 INFO  : Hardware design information is loaded from 'C:/Users/jerger/Desktop/project1/project1.sdk/design_1_wrapper_hw_platform_0/system.hdf'.
20:20:07 INFO  : 'configparams force-mem-access 1' command is executed.
20:20:08 INFO  : Context for 'APU' is selected.
20:20:08 INFO  : 'stop' command is executed.
20:20:08 INFO  : 'ps7_init' command is executed.
20:20:08 INFO  : 'ps7_post_config' command is executed.
20:20:08 INFO  : Context for processor 'ps7_cortexa9_0' is selected.
20:20:08 INFO  : Processor reset is completed for 'ps7_cortexa9_0'.
20:20:08 INFO  : Context for processor 'ps7_cortexa9_0' is selected.
20:20:09 INFO  : The application 'C:/Users/jerger/Desktop/project1/project1.sdk/test/Debug/test.elf' is downloaded to processor 'ps7_cortexa9_0'.
20:20:09 INFO  : 'configparams force-mem-access 0' command is executed.
20:20:09 INFO  : ----------------XSDB Script----------------
connect -url tcp:127.0.0.1:3121
source C:/Users/jerger/Desktop/project1/project1.sdk/design_1_wrapper_hw_platform_0/ps7_init.tcl
targets -set -nocase -filter {name =~"APU*" && jtag_cable_name =~ "Digilent Zybo Z7 210351A6C7A0A"} -index 0
loadhw -hw C:/Users/jerger/Desktop/project1/project1.sdk/design_1_wrapper_hw_platform_0/system.hdf -mem-ranges [list {0x40000000 0xbfffffff}]
configparams force-mem-access 1
targets -set -nocase -filter {name =~"APU*" && jtag_cable_name =~ "Digilent Zybo Z7 210351A6C7A0A"} -index 0
stop
ps7_init
ps7_post_config
targets -set -nocase -filter {name =~ "ARM*#0" && jtag_cable_name =~ "Digilent Zybo Z7 210351A6C7A0A"} -index 0
rst -processor
targets -set -nocase -filter {name =~ "ARM*#0" && jtag_cable_name =~ "Digilent Zybo Z7 210351A6C7A0A"} -index 0
dow C:/Users/jerger/Desktop/project1/project1.sdk/test/Debug/test.elf
configparams force-mem-access 0
----------------End of Script----------------

20:20:09 INFO  : Memory regions updated for context APU
20:20:09 INFO  : Context for processor 'ps7_cortexa9_0' is selected.
20:20:09 INFO  : 'con' command is executed.
20:20:09 INFO  : ----------------XSDB Script (After Launch)----------------
targets -set -nocase -filter {name =~ "ARM*#0" && jtag_cable_name =~ "Digilent Zybo Z7 210351A6C7A0A"} -index 0
con
----------------End of Script----------------

20:20:09 INFO  : Launch script is exported to file 'C:\Users\jerger\Desktop\project1\project1.sdk\.sdk\launch_scripts\xilinx_c-c++_application_(system_debugger)\system_debugger_using_debug_test.elf_on_local.tcl'
20:24:48 INFO  : Disconnected from the channel tcfchan#18.
