13:49:33 **** Auto Build of configuration Debug for project Raytracer ****
make pre-build main-build 
a9-linaro-pre-build-step
' '
'Building file: ../src/bbox.c'
'Invoking: ARM v7 gcc compiler'
arm-none-eabi-gcc -Wall -O0 -g3 -c -fmessage-length=0 -MT"src/bbox.o" -mcpu=cortex-a9 -mfpu=vfpv3 -mfloat-abi=hard -I../../standalone_bsp_0/ps7_cortexa9_0/include -MMD -MP -MF"src/bbox.d" -MT"src/bbox.o" -o "src/bbox.o" "../src/bbox.c"
'Finished building: ../src/bbox.c'
' '
'Building file: ../src/camera.c'
'Invoking: ARM v7 gcc compiler'
arm-none-eabi-gcc -Wall -O0 -g3 -c -fmessage-length=0 -MT"src/camera.o" -mcpu=cortex-a9 -mfpu=vfpv3 -mfloat-abi=hard -I../../standalone_bsp_0/ps7_cortexa9_0/include -MMD -MP -MF"src/camera.d" -MT"src/camera.o" -o "src/camera.o" "../src/camera.c"
'Finished building: ../src/camera.c'
' '
'Building file: ../src/color.c'
'Invoking: ARM v7 gcc compiler'
arm-none-eabi-gcc -Wall -O0 -g3 -c -fmessage-length=0 -MT"src/color.o" -mcpu=cortex-a9 -mfpu=vfpv3 -mfloat-abi=hard -I../../standalone_bsp_0/ps7_cortexa9_0/include -MMD -MP -MF"src/color.d" -MT"src/color.o" -o "src/color.o" "../src/color.c"
'Finished building: ../src/color.c'
' '
'Building file: ../src/converter.c'
'Invoking: ARM v7 gcc compiler'
arm-none-eabi-gcc -Wall -O0 -g3 -c -fmessage-length=0 -MT"src/converter.o" -mcpu=cortex-a9 -mfpu=vfpv3 -mfloat-abi=hard -I../../standalone_bsp_0/ps7_cortexa9_0/include -MMD -MP -MF"src/converter.d" -MT"src/converter.o" -o "src/converter.o" "../src/converter.c"
'Finished building: ../src/converter.c'
' '
'Building file: ../src/errorhandler.c'
'Invoking: ARM v7 gcc compiler'
arm-none-eabi-gcc -Wall -O0 -g3 -c -fmessage-length=0 -MT"src/errorhandler.o" -mcpu=cortex-a9 -mfpu=vfpv3 -mfloat-abi=hard -I../../standalone_bsp_0/ps7_cortexa9_0/include -MMD -MP -MF"src/errorhandler.d" -MT"src/errorhandler.o" -o "src/errorhandler.o" "../src/errorhandler.c"
'Finished building: ../src/errorhandler.c'
' '
'Building file: ../src/filehandler.c'
'Invoking: ARM v7 gcc compiler'
arm-none-eabi-gcc -Wall -O0 -g3 -c -fmessage-length=0 -MT"src/filehandler.o" -mcpu=cortex-a9 -mfpu=vfpv3 -mfloat-abi=hard -I../../standalone_bsp_0/ps7_cortexa9_0/include -MMD -MP -MF"src/filehandler.d" -MT"src/filehandler.o" -o "src/filehandler.o" "../src/filehandler.c"
'Finished building: ../src/filehandler.c'
' '
'Building file: ../src/kdtree.c'
'Invoking: ARM v7 gcc compiler'
arm-none-eabi-gcc -Wall -O0 -g3 -c -fmessage-length=0 -MT"src/kdtree.o" -mcpu=cortex-a9 -mfpu=vfpv3 -mfloat-abi=hard -I../../standalone_bsp_0/ps7_cortexa9_0/include -MMD -MP -MF"src/kdtree.d" -MT"src/kdtree.o" -o "src/kdtree.o" "../src/kdtree.c"
'Finished building: ../src/kdtree.c'
' '
'Building file: ../src/light.c'
'Invoking: ARM v7 gcc compiler'
arm-none-eabi-gcc -Wall -O0 -g3 -c -fmessage-length=0 -MT"src/light.o" -mcpu=cortex-a9 -mfpu=vfpv3 -mfloat-abi=hard -I../../standalone_bsp_0/ps7_cortexa9_0/include -MMD -MP -MF"src/light.d" -MT"src/light.o" -o "src/light.o" "../src/light.c"
'Finished building: ../src/light.c'
' '
'Building file: ../src/lightRay.c'
'Invoking: ARM v7 gcc compiler'
arm-none-eabi-gcc -Wall -O0 -g3 -c -fmessage-length=0 -MT"src/lightRay.o" -mcpu=cortex-a9 -mfpu=vfpv3 -mfloat-abi=hard -I../../standalone_bsp_0/ps7_cortexa9_0/include -MMD -MP -MF"src/lightRay.d" -MT"src/lightRay.o" -o "src/lightRay.o" "../src/lightRay.c"
'Finished building: ../src/lightRay.c'
' '
'Building file: ../src/list.c'
'Invoking: ARM v7 gcc compiler'
arm-none-eabi-gcc -Wall -O0 -g3 -c -fmessage-length=0 -MT"src/list.o" -mcpu=cortex-a9 -mfpu=vfpv3 -mfloat-abi=hard -I../../standalone_bsp_0/ps7_cortexa9_0/include -MMD -MP -MF"src/list.d" -MT"src/list.o" -o "src/list.o" "../src/list.c"
../src/list.c: In function 'list_delete_name':
../src/list.c:144:6: warning: variable 'item_name' set but not used [-Wunused-but-set-variable]
  int item_name;
      ^~~~~~~~~
'Finished building: ../src/list.c'
' '
'Building file: ../src/lodepng.c'
'Invoking: ARM v7 gcc compiler'
arm-none-eabi-gcc -Wall -O0 -g3 -c -fmessage-length=0 -MT"src/lodepng.o" -mcpu=cortex-a9 -mfpu=vfpv3 -mfloat-abi=hard -I../../standalone_bsp_0/ps7_cortexa9_0/include -MMD -MP -MF"src/lodepng.d" -MT"src/lodepng.o" -o "src/lodepng.o" "../src/lodepng.c"
'Finished building: ../src/lodepng.c'
' '
'Building file: ../src/main.c'
'Invoking: ARM v7 gcc compiler'
arm-none-eabi-gcc -Wall -O0 -g3 -c -fmessage-length=0 -MT"src/main.o" -mcpu=cortex-a9 -mfpu=vfpv3 -mfloat-abi=hard -I../../standalone_bsp_0/ps7_cortexa9_0/include -MMD -MP -MF"src/main.d" -MT"src/main.o" -o "src/main.o" "../src/main.c"
../src/main.c: In function 'main':
../src/main.c:157:7: warning: unused variable 'threadsHaveStarted' [-Wunused-variable]
  bool threadsHaveStarted = false;
       ^~~~~~~~~~~~~~~~~~
../src/main.c:101:6: warning: unused variable 't' [-Wunused-variable]
  int t;
      ^
'Finished building: ../src/main.c'
' '
'Building file: ../src/material.c'
'Invoking: ARM v7 gcc compiler'
arm-none-eabi-gcc -Wall -O0 -g3 -c -fmessage-length=0 -MT"src/material.o" -mcpu=cortex-a9 -mfpu=vfpv3 -mfloat-abi=hard -I../../standalone_bsp_0/ps7_cortexa9_0/include -MMD -MP -MF"src/material.d" -MT"src/material.o" -o "src/material.o" "../src/material.c"
'Finished building: ../src/material.c'
' '
'Building file: ../src/obj.c'
'Invoking: ARM v7 gcc compiler'
arm-none-eabi-gcc -Wall -O0 -g3 -c -fmessage-length=0 -MT"src/obj.o" -mcpu=cortex-a9 -mfpu=vfpv3 -mfloat-abi=hard -I../../standalone_bsp_0/ps7_cortexa9_0/include -MMD -MP -MF"src/obj.d" -MT"src/obj.o" -o "src/obj.o" "../src/obj.c"
'Finished building: ../src/obj.c'
' '
'Building file: ../src/poly.c'
'Invoking: ARM v7 gcc compiler'
arm-none-eabi-gcc -Wall -O0 -g3 -c -fmessage-length=0 -MT"src/poly.o" -mcpu=cortex-a9 -mfpu=vfpv3 -mfloat-abi=hard -I../../standalone_bsp_0/ps7_cortexa9_0/include -MMD -MP -MF"src/poly.d" -MT"src/poly.o" -o "src/poly.o" "../src/poly.c"
'Finished building: ../src/poly.c'
' '
'Building file: ../src/raytrace.c'
'Invoking: ARM v7 gcc compiler'
arm-none-eabi-gcc -Wall -O0 -g3 -c -fmessage-length=0 -MT"src/raytrace.o" -mcpu=cortex-a9 -mfpu=vfpv3 -mfloat-abi=hard -I../../standalone_bsp_0/ps7_cortexa9_0/include -MMD -MP -MF"src/raytrace.d" -MT"src/raytrace.o" -o "src/raytrace.o" "../src/raytrace.c"
../src/raytrace.c: In function 'getHighlights':
../src/raytrace.c:336:76: warning: passing argument 2 of 'colorCoef' discards 'const' qualifier from pointer target type [-Wdiscarded-qualifiers]
    struct color specTmp = colorCoef(specVal*(currentLight.power/distance), &isect->end.specular);
                                                                            ^
In file included from ../src/includes.h:60:0,
                 from ../src/raytrace.c:9:
../src/color.h:72:14: note: expected 'struct color *' but argument is of type 'const struct color *'
 struct color colorCoef(double coef, struct color *c);
              ^~~~~~~~~
../src/raytrace.c: In function 'getLighting':
../src/raytrace.c:450:53: warning: passing argument 3 of 'getSurfaceProperties' discards 'const' qualifier from pointer target type [-Wdiscarded-qualifiers]
   getSurfaceProperties(isect->polyIndex, isect->uv, &isect->surfaceNormal, &textureCoord);
                                                     ^
../src/raytrace.c:87:6: note: expected 'struct vector *' but argument is of type 'const struct vector *'
 void getSurfaceProperties(int polyIndex,
      ^~~~~~~~~~~~~~~~~~~~
'Finished building: ../src/raytrace.c'
' '
'Building file: ../src/renderer.c'
'Invoking: ARM v7 gcc compiler'
arm-none-eabi-gcc -Wall -O0 -g3 -c -fmessage-length=0 -MT"src/renderer.o" -mcpu=cortex-a9 -mfpu=vfpv3 -mfloat-abi=hard -I../../standalone_bsp_0/ps7_cortexa9_0/include -MMD -MP -MF"src/renderer.d" -MT"src/renderer.o" -o "src/renderer.o" "../src/renderer.c"
'Finished building: ../src/renderer.c'
' '
'Building file: ../src/scene.c'
'Invoking: ARM v7 gcc compiler'
arm-none-eabi-gcc -Wall -O0 -g3 -c -fmessage-length=0 -MT"src/scene.o" -mcpu=cortex-a9 -mfpu=vfpv3 -mfloat-abi=hard -I../../standalone_bsp_0/ps7_cortexa9_0/include -MMD -MP -MF"src/scene.d" -MT"src/scene.o" -o "src/scene.o" "../src/scene.c"
'Finished building: ../src/scene.c'
' '
'Building file: ../src/sphere.c'
'Invoking: ARM v7 gcc compiler'
arm-none-eabi-gcc -Wall -O0 -g3 -c -fmessage-length=0 -MT"src/sphere.o" -mcpu=cortex-a9 -mfpu=vfpv3 -mfloat-abi=hard -I../../standalone_bsp_0/ps7_cortexa9_0/include -MMD -MP -MF"src/sphere.d" -MT"src/sphere.o" -o "src/sphere.o" "../src/sphere.c"
'Finished building: ../src/sphere.c'
' '
'Building file: ../src/string_extra.c'
'Invoking: ARM v7 gcc compiler'
arm-none-eabi-gcc -Wall -O0 -g3 -c -fmessage-length=0 -MT"src/string_extra.o" -mcpu=cortex-a9 -mfpu=vfpv3 -mfloat-abi=hard -I../../standalone_bsp_0/ps7_cortexa9_0/include -MMD -MP -MF"src/string_extra.d" -MT"src/string_extra.o" -o "src/string_extra.o" "../src/string_extra.c"
'Finished building: ../src/string_extra.c'
' '
'Building file: ../src/transforms.c'
'Invoking: ARM v7 gcc compiler'
arm-none-eabi-gcc -Wall -O0 -g3 -c -fmessage-length=0 -MT"src/transforms.o" -mcpu=cortex-a9 -mfpu=vfpv3 -mfloat-abi=hard -I../../standalone_bsp_0/ps7_cortexa9_0/include -MMD -MP -MF"src/transforms.d" -MT"src/transforms.o" -o "src/transforms.o" "../src/transforms.c"
'Finished building: ../src/transforms.c'
' '
'Building file: ../src/ui.c'
'Invoking: ARM v7 gcc compiler'
arm-none-eabi-gcc -Wall -O0 -g3 -c -fmessage-length=0 -MT"src/ui.o" -mcpu=cortex-a9 -mfpu=vfpv3 -mfloat-abi=hard -I../../standalone_bsp_0/ps7_cortexa9_0/include -MMD -MP -MF"src/ui.d" -MT"src/ui.o" -o "src/ui.o" "../src/ui.c"
'Finished building: ../src/ui.c'
' '
'Building file: ../src/vector.c'
'Invoking: ARM v7 gcc compiler'
arm-none-eabi-gcc -Wall -O0 -g3 -c -fmessage-length=0 -MT"src/vector.o" -mcpu=cortex-a9 -mfpu=vfpv3 -mfloat-abi=hard -I../../standalone_bsp_0/ps7_cortexa9_0/include -MMD -MP -MF"src/vector.d" -MT"src/vector.o" -o "src/vector.o" "../src/vector.c"
'Finished building: ../src/vector.c'
' '
'Building target: Raytracer.elf'
'Invoking: ARM v7 gcc linker'
arm-none-eabi-gcc -mcpu=cortex-a9 -mfpu=vfpv3 -mfloat-abi=hard -Wl,-build-id=none -specs=Xilinx.spec -Wl,-T -Wl,../src/lscript.ld -L../../standalone_bsp_0/ps7_cortexa9_0/lib -o "Raytracer.elf"  ./src/bbox.o ./src/camera.o ./src/color.o ./src/converter.o ./src/errorhandler.o ./src/filehandler.o ./src/kdtree.o ./src/light.o ./src/lightRay.o ./src/list.o ./src/lodepng.o ./src/main.o ./src/material.o ./src/obj.o ./src/obj_parser.o ./src/poly.o ./src/raytrace.o ./src/renderer.o ./src/scene.o ./src/sphere.o ./src/string_extra.o ./src/transforms.o ./src/ui.o ./src/vector.o   -lm -Wl,--start-group,-lxil,-lgcc,-lc,--end-group
d:/xilinx/sdk/2017.4/gnu/aarch32/nt/gcc-arm-none-eabi/bin/../arm-none-eabi/libc/usr/lib/v7-a/fpv3/hard\libc.a(lib_a-gettimeofdayr.o): In function `_gettimeofday_r':
gettimeofdayr.c:(.text+0x24): undefined reference to `_gettimeofday'
collect2.exe: error: ld returned 1 exit status
make: *** [Raytracer.elf] Error 1

13:49:56 Build Finished (took 23s.554ms)

